<?xml version="1.0" encoding="UTF-8"?>
<testsuite xmlns:xsi="http://www.w3.org/2001/XMLSchema-instance" xsi:noNamespaceSchemaLocation="https://maven.apache.org/surefire/maven-surefire-plugin/xsd/surefire-test-report-3.0.xsd" version="3.0" name="com.project.controllers.UtilisateurControllerTest" time="3.581" tests="22" errors="0" skipped="0" failures="3">
  <properties>
[...]
</properties>
  <testcase name="login_WithValidCredentials_ShouldReturnUser" classname="com.project.controllers.UtilisateurControllerTest" time="0.257">
    <system-out><![CDATA[16:40:10.171 [main] INFO org.springframework.test.context.support.AnnotationConfigContextLoaderUtils -- Could not detect default configuration classes for test class [com.project.controllers.UtilisateurControllerTest]: UtilisateurControllerTest does not declare any static, non-private, non-final, nested classes annotated with @Configuration.
16:40:10.295 [main] INFO org.springframework.boot.test.context.SpringBootTestContextBootstrapper -- Found @SpringBootConfiguration com.project.GestionMaterielBackEndApplication for test class com.project.controllers.UtilisateurControllerTest

  .   ____          _            __ _ _
 /\\ / ___'_ __ _ _(_)_ __  __ _ \ \ \ \
( ( )\___ | '_ | '_| | '_ \/ _` | \ \ \ \
 \\/  ___)| |_)| | | | | || (_| |  ) ) ) )
  '  |____| .__|_| |_|_| |_\__, | / / / /
 =========|_|==============|___/=/_/_/_/
 :: Spring Boot ::                (v3.2.1)

2024-02-11T16:40:10.607+01:00  INFO 871023 --- [           main] c.p.c.UtilisateurControllerTest          : Starting UtilisateurControllerTest using Java 17.0.9 with PID 871023 (started by ahmed in /home/ahmed/Desktop/Projects/MaterialManagement/GestionMaterielBackEnd)
2024-02-11T16:40:10.608+01:00  INFO 871023 --- [           main] c.p.c.UtilisateurControllerTest          : No active profile set, falling back to 1 default profile: "default"
2024-02-11T16:40:12.663+01:00  WARN 871023 --- [           main] .s.s.UserDetailsServiceAutoConfiguration : 

Using generated security password: 7e5acf51-6773-4e48-9a9d-007f8fe45ce3

This generated password is for development use only. Your security configuration must be updated before running your application in production.

2024-02-11T16:40:12.777+01:00  INFO 871023 --- [           main] o.s.s.web.DefaultSecurityFilterChain     : Will secure any request with [org.springframework.security.web.session.DisableEncodeUrlFilter@55fb36de, org.springframework.security.web.context.request.async.WebAsyncManagerIntegrationFilter@63a7781, org.springframework.security.web.context.SecurityContextHolderFilter@3dfe92ef, org.springframework.security.web.header.HeaderWriterFilter@5238896f, org.springframework.web.filter.CorsFilter@73b74615, org.springframework.security.web.csrf.CsrfFilter@349312d5, org.springframework.security.web.authentication.logout.LogoutFilter@4f8659d0, org.springframework.security.web.authentication.UsernamePasswordAuthenticationFilter@731db93f, org.springframework.security.web.authentication.ui.DefaultLoginPageGeneratingFilter@22ca1242, org.springframework.security.web.authentication.ui.DefaultLogoutPageGeneratingFilter@22686ddb, org.springframework.security.web.authentication.www.BasicAuthenticationFilter@7530090a, org.springframework.security.web.savedrequest.RequestCacheAwareFilter@1d2def55, org.springframework.security.web.servletapi.SecurityContextHolderAwareRequestFilter@274bae2c, org.springframework.security.web.authentication.AnonymousAuthenticationFilter@2e29f28e, org.springframework.security.web.access.ExceptionTranslationFilter@3611153f, org.springframework.security.web.access.intercept.AuthorizationFilter@43c0c13a]
2024-02-11T16:40:12.834+01:00  INFO 871023 --- [           main] o.s.b.t.m.w.SpringBootMockServletContext : Initializing Spring TestDispatcherServlet ''
2024-02-11T16:40:12.835+01:00  INFO 871023 --- [           main] o.s.t.web.servlet.TestDispatcherServlet  : Initializing Servlet ''
2024-02-11T16:40:12.837+01:00  INFO 871023 --- [           main] o.s.t.web.servlet.TestDispatcherServlet  : Completed initialization in 2 ms
2024-02-11T16:40:12.860+01:00  INFO 871023 --- [           main] c.p.c.UtilisateurControllerTest          : Started UtilisateurControllerTest in 2.509 seconds (process running for 3.493)

MockHttpServletRequest:
      HTTP Method = POST
      Request URI = /api/login
       Parameters = {}
          Headers = [Content-Type:"application/json", Content-Length:"56"]
             Body = <no character encoding set>
    Session Attrs = {}

Handler:
             Type = com.project.controllers.UtilisateurController
           Method = com.project.controllers.UtilisateurController#login(LoginRequest)

Async:
    Async started = false
     Async result = null

Resolved Exception:
             Type = null

ModelAndView:
        View name = null
             View = null
            Model = null

FlashMap:
       Attributes = null

MockHttpServletResponse:
           Status = 200
    Error message = null
          Headers = [Vary:"Origin", "Access-Control-Request-Method", "Access-Control-Request-Headers", Content-Type:"application/json"]
     Content type = application/json
             Body = {"id":null,"nom":"ValidUser","prenom":"LastName","email":"valid.user@example.com","role":0}
    Forwarded URL = null
   Redirected URL = null
          Cookies = []
]]></system-out>
  </testcase>
  <testcase name="updateUtilisateur_WhenNotFound_ShouldReturnNotFound" classname="com.project.controllers.UtilisateurControllerTest" time="0.135">
    <failure message="Status expected:&lt;404&gt; but was:&lt;400&gt;" type="java.lang.AssertionError"><![CDATA[java.lang.AssertionError: Status expected:<404> but was:<400>
	at org.springframework.test.util.AssertionErrors.fail(AssertionErrors.java:59)
	at org.springframework.test.util.AssertionErrors.assertEquals(AssertionErrors.java:122)
	at org.springframework.test.web.servlet.result.StatusResultMatchers.lambda$matcher$9(StatusResultMatchers.java:637)
	at org.springframework.test.web.servlet.MockMvc$1.andExpect(MockMvc.java:214)
	at com.project.controllers.UtilisateurControllerTest.updateUtilisateur_WhenNotFound_ShouldReturnNotFound(UtilisateurControllerTest.java:194)
	at java.base/java.lang.reflect.Method.invoke(Method.java:568)
	at java.base/java.util.ArrayList.forEach(ArrayList.java:1511)
	at java.base/java.util.ArrayList.forEach(ArrayList.java:1511)
]]></failure>
    <system-out><![CDATA[2024-02-11T16:40:13.257+01:00  WARN 871023 --- [           main] .w.s.m.s.DefaultHandlerExceptionResolver : Resolved [org.springframework.web.bind.MethodArgumentNotValidException: Validation failed for argument [1] in public org.springframework.http.ResponseEntity<com.project.entities.Utilisateur> com.project.controllers.UtilisateurController.updateUtilisateur(long,com.project.entities.Utilisateur): [Field error in object 'utilisateur' on field 'password': rejected value [null]; codes [NotNull.utilisateur.password,NotNull.password,NotNull.java.lang.String,NotNull]; arguments [org.springframework.context.support.DefaultMessageSourceResolvable: codes [utilisateur.password,password]; arguments []; default message [password]]; default message [Le mot de passe doit pas est null]] ]

MockHttpServletRequest:
      HTTP Method = PUT
      Request URI = /api/utilisateurs/1
       Parameters = {}
          Headers = [Content-Type:"application/json", Content-Length:"98"]
             Body = <no character encoding set>
    Session Attrs = {}

Handler:
             Type = com.project.controllers.UtilisateurController
           Method = com.project.controllers.UtilisateurController#updateUtilisateur(long, Utilisateur)

Async:
    Async started = false
     Async result = null

Resolved Exception:
             Type = org.springframework.web.bind.MethodArgumentNotValidException

ModelAndView:
        View name = null
             View = null
            Model = null

FlashMap:
       Attributes = null

MockHttpServletResponse:
           Status = 400
    Error message = Invalid request content.
          Headers = [Vary:"Origin", "Access-Control-Request-Method", "Access-Control-Request-Headers"]
     Content type = null
             Body = 
    Forwarded URL = null
   Redirected URL = null
          Cookies = []
]]></system-out>
  </testcase>
  <testcase name="supprimerUtilisateur_WhenNotFound_ShouldReturnNotFound" classname="com.project.controllers.UtilisateurControllerTest" time="0.028"/>
  <testcase name="updateUtilisateur_WhenServerError_ShouldReturnInternalServerError" classname="com.project.controllers.UtilisateurControllerTest" time="0.022">
    <failure message="Status expected:&lt;500&gt; but was:&lt;400&gt;" type="java.lang.AssertionError"><![CDATA[java.lang.AssertionError: Status expected:<500> but was:<400>
	at org.springframework.test.util.AssertionErrors.fail(AssertionErrors.java:59)
	at org.springframework.test.util.AssertionErrors.assertEquals(AssertionErrors.java:122)
	at org.springframework.test.web.servlet.result.StatusResultMatchers.lambda$matcher$9(StatusResultMatchers.java:637)
	at org.springframework.test.web.servlet.MockMvc$1.andExpect(MockMvc.java:214)
	at com.project.controllers.UtilisateurControllerTest.updateUtilisateur_WhenServerError_ShouldReturnInternalServerError(UtilisateurControllerTest.java:218)
	at java.base/java.lang.reflect.Method.invoke(Method.java:568)
	at java.base/java.util.ArrayList.forEach(ArrayList.java:1511)
	at java.base/java.util.ArrayList.forEach(ArrayList.java:1511)
]]></failure>
    <system-out><![CDATA[2024-02-11T16:40:13.317+01:00  WARN 871023 --- [           main] .w.s.m.s.DefaultHandlerExceptionResolver : Resolved [org.springframework.web.bind.MethodArgumentNotValidException: Validation failed for argument [1] in public org.springframework.http.ResponseEntity<com.project.entities.Utilisateur> com.project.controllers.UtilisateurController.updateUtilisateur(long,com.project.entities.Utilisateur): [Field error in object 'utilisateur' on field 'password': rejected value [null]; codes [NotNull.utilisateur.password,NotNull.password,NotNull.java.lang.String,NotNull]; arguments [org.springframework.context.support.DefaultMessageSourceResolvable: codes [utilisateur.password,password]; arguments []; default message [password]]; default message [Le mot de passe doit pas est null]] ]

MockHttpServletRequest:
      HTTP Method = PUT
      Request URI = /api/utilisateurs/1
       Parameters = {}
          Headers = [Content-Type:"application/json", Content-Length:"86"]
             Body = <no character encoding set>
    Session Attrs = {}

Handler:
             Type = com.project.controllers.UtilisateurController
           Method = com.project.controllers.UtilisateurController#updateUtilisateur(long, Utilisateur)

Async:
    Async started = false
     Async result = null

Resolved Exception:
             Type = org.springframework.web.bind.MethodArgumentNotValidException

ModelAndView:
        View name = null
             View = null
            Model = null

FlashMap:
       Attributes = null

MockHttpServletResponse:
           Status = 400
    Error message = Invalid request content.
          Headers = [Vary:"Origin", "Access-Control-Request-Method", "Access-Control-Request-Headers"]
     Content type = null
             Body = 
    Forwarded URL = null
   Redirected URL = null
          Cookies = []
]]></system-out>
  </testcase>
  <testcase name="updateUtilisateur_WhenInvalidData_ShouldReturnBadRequest" classname="com.project.controllers.UtilisateurControllerTest" time="0.014">
    <system-out><![CDATA[2024-02-11T16:40:13.338+01:00  WARN 871023 --- [           main] .w.s.m.s.DefaultHandlerExceptionResolver : Resolved [org.springframework.web.bind.MethodArgumentNotValidException: Validation failed for argument [1] in public org.springframework.http.ResponseEntity<com.project.entities.Utilisateur> com.project.controllers.UtilisateurController.updateUtilisateur(long,com.project.entities.Utilisateur) with 3 errors: [Field error in object 'utilisateur' on field 'password': rejected value [null]; codes [NotNull.utilisateur.password,NotNull.password,NotNull.java.lang.String,NotNull]; arguments [org.springframework.context.support.DefaultMessageSourceResolvable: codes [utilisateur.password,password]; arguments []; default message [password]]; default message [Le mot de passe doit pas est null]] [Field error in object 'utilisateur' on field 'prenom': rejected value []; codes [Size.utilisateur.prenom,Size.prenom,Size.java.lang.String,Size]; arguments [org.springframework.context.support.DefaultMessageSourceResolvable: codes [utilisateur.prenom,prenom]; arguments []; default message [prenom],2147483647,2]; default message [Le prénom doit contenir au moins 2 caractères]] [Field error in object 'utilisateur' on field 'nom': rejected value []; codes [Size.utilisateur.nom,Size.nom,Size.java.lang.String,Size]; arguments [org.springframework.context.support.DefaultMessageSourceResolvable: codes [utilisateur.nom,nom]; arguments []; default message [nom],2147483647,2]; default message [Le nom doit contenir au moins 2 caractères]] ]
]]></system-out>
  </testcase>
  <testcase name="getAllUtilisateurs_WhenServerError_ShouldReturnInternalServerError" classname="com.project.controllers.UtilisateurControllerTest" time="0.012"/>
  <testcase name="getUtilisateurById_WhenServerError_ShouldReturnInternalServerError" classname="com.project.controllers.UtilisateurControllerTest" time="0.007"/>
  <testcase name="getAllUtilisateurs_WhenUsersExist_ShouldReturnUsers" classname="com.project.controllers.UtilisateurControllerTest" time="0.012"/>
  <testcase name="getAllUtilisateursPagination_WhenUsersExist_ShouldReturnPaginatedUsers" classname="com.project.controllers.UtilisateurControllerTest" time="0.016"/>
  <testcase name="getUtilisateurById_WhenNotFound_ShouldReturnNotFound" classname="com.project.controllers.UtilisateurControllerTest" time="0.007"/>
  <testcase name="getUtilisateurById_WhenFound_ShouldReturnUtilisateur" classname="com.project.controllers.UtilisateurControllerTest" time="0.009"/>
  <testcase name="login_WithInvalidCredentials_ShouldReturnUnauthorized" classname="com.project.controllers.UtilisateurControllerTest" time="0.014"/>
  <testcase name="getAllUtilisateurs_WhenNoUsers_ShouldReturnNoContent" classname="com.project.controllers.UtilisateurControllerTest" time="0.004"/>
  <testcase name="getAllUtilisateursPagination_WhenServerError_ShouldReturnInternalServerError" classname="com.project.controllers.UtilisateurControllerTest" time="0.006"/>
  <testcase name="supprimerUtilisateur_WhenFound_ShouldReturnNoContent" classname="com.project.controllers.UtilisateurControllerTest" time="0.008"/>
  <testcase name="createUtilisateur_WhenInvalidData_ShouldReturnBadRequest" classname="com.project.controllers.UtilisateurControllerTest" time="0.012"/>
  <testcase name="updateUtilisateur_WhenFound_ShouldUpdateUser" classname="com.project.controllers.UtilisateurControllerTest" time="0.01">
    <failure message="Status expected:&lt;200&gt; but was:&lt;400&gt;" type="java.lang.AssertionError"><![CDATA[java.lang.AssertionError: Status expected:<200> but was:<400>
	at org.springframework.test.util.AssertionErrors.fail(AssertionErrors.java:59)
	at org.springframework.test.util.AssertionErrors.assertEquals(AssertionErrors.java:122)
	at org.springframework.test.web.servlet.result.StatusResultMatchers.lambda$matcher$9(StatusResultMatchers.java:637)
	at org.springframework.test.web.servlet.MockMvc$1.andExpect(MockMvc.java:214)
	at com.project.controllers.UtilisateurControllerTest.updateUtilisateur_WhenFound_ShouldUpdateUser(UtilisateurControllerTest.java:177)
	at java.base/java.lang.reflect.Method.invoke(Method.java:568)
	at java.base/java.util.ArrayList.forEach(ArrayList.java:1511)
	at java.base/java.util.ArrayList.forEach(ArrayList.java:1511)
]]></failure>
    <system-out><![CDATA[2024-02-11T16:40:13.487+01:00  WARN 871023 --- [           main] .w.s.m.s.DefaultHandlerExceptionResolver : Resolved [org.springframework.web.bind.MethodArgumentNotValidException: Validation failed for argument [1] in public org.springframework.http.ResponseEntity<com.project.entities.Utilisateur> com.project.controllers.UtilisateurController.updateUtilisateur(long,com.project.entities.Utilisateur): [Field error in object 'utilisateur' on field 'password': rejected value [null]; codes [NotNull.utilisateur.password,NotNull.password,NotNull.java.lang.String,NotNull]; arguments [org.springframework.context.support.DefaultMessageSourceResolvable: codes [utilisateur.password,password]; arguments []; default message [password]]; default message [Le mot de passe doit pas est null]] ]

MockHttpServletRequest:
      HTTP Method = PUT
      Request URI = /api/utilisateurs/1
       Parameters = {}
          Headers = [Content-Type:"application/json", Content-Length:"83"]
             Body = <no character encoding set>
    Session Attrs = {}

Handler:
             Type = com.project.controllers.UtilisateurController
           Method = com.project.controllers.UtilisateurController#updateUtilisateur(long, Utilisateur)

Async:
    Async started = false
     Async result = null

Resolved Exception:
             Type = org.springframework.web.bind.MethodArgumentNotValidException

ModelAndView:
        View name = null
             View = null
            Model = null

FlashMap:
       Attributes = null

MockHttpServletResponse:
           Status = 400
    Error message = Invalid request content.
          Headers = [Vary:"Origin", "Access-Control-Request-Method", "Access-Control-Request-Headers"]
     Content type = null
             Body = 
    Forwarded URL = null
   Redirected URL = null
          Cookies = []
]]></system-out>
  </testcase>
  <testcase name="createUtilisateur_WhenServerError_ShouldReturnInternalServerError" classname="com.project.controllers.UtilisateurControllerTest" time="0.009"/>
  <testcase name="login_WithServerError_ShouldReturnInternalServerError" classname="com.project.controllers.UtilisateurControllerTest" time="0.009"/>
  <testcase name="getAllUtilisateursPagination_WhenNoUsers_ShouldReturnNoContent" classname="com.project.controllers.UtilisateurControllerTest" time="0.005"/>
  <testcase name="supprimerUtilisateur_WhenServerError_ShouldReturnInternalServerError" classname="com.project.controllers.UtilisateurControllerTest" time="0.009"/>
  <testcase name="createUtilisateur_WhenValidData_ShouldCreateUser" classname="com.project.controllers.UtilisateurControllerTest" time="0.014"/>
</testsuite>