<?xml version="1.0" encoding="UTF-8"?>
<testsuite xmlns:xsi="http://www.w3.org/2001/XMLSchema-instance" xsi:noNamespaceSchemaLocation="https://maven.apache.org/surefire/maven-surefire-plugin/xsd/surefire-test-report-3.0.xsd" version="3.0" name="com.project.controllers.MaterielControllerTest" time="3.233" tests="13" errors="0" skipped="0" failures="0">
  <properties>
[...]
</properties>
  <testcase name="testGetAllMaterielsWhenMaterielsExists" classname="com.project.controllers.MaterielControllerTest" time="0.015">
    <system-out><![CDATA[2024-02-11T16:40:13.571+01:00  INFO 871023 --- [           main] t.c.s.AnnotationConfigContextLoaderUtils : Could not detect default configuration classes for test class [com.project.controllers.MaterielControllerTest]: MaterielControllerTest does not declare any static, non-private, non-final, nested classes annotated with @Configuration.
2024-02-11T16:40:13.577+01:00  INFO 871023 --- [           main] .b.t.c.SpringBootTestContextBootstrapper : Found @SpringBootConfiguration com.project.GestionMaterielBackEndApplication for test class com.project.controllers.MaterielControllerTest

  .   ____          _            __ _ _
 /\\ / ___'_ __ _ _(_)_ __  __ _ \ \ \ \
( ( )\___ | '_ | '_| | '_ \/ _` | \ \ \ \
 \\/  ___)| |_)| | | | | || (_| |  ) ) ) )
  '  |____| .__|_| |_|_| |_\__, | / / / /
 =========|_|==============|___/=/_/_/_/
 :: Spring Boot ::                (v3.2.1)

2024-02-11T16:40:13.621+01:00  INFO 871023 --- [           main] c.p.controllers.MaterielControllerTest   : Starting MaterielControllerTest using Java 17.0.9 with PID 871023 (started by ahmed in /home/ahmed/Desktop/Projects/MaterialManagement/GestionMaterielBackEnd)
2024-02-11T16:40:13.621+01:00  INFO 871023 --- [           main] c.p.controllers.MaterielControllerTest   : No active profile set, falling back to 1 default profile: "default"
2024-02-11T16:40:14.063+01:00  INFO 871023 --- [           main] .s.d.r.c.RepositoryConfigurationDelegate : Bootstrapping Spring Data JPA repositories in DEFAULT mode.
2024-02-11T16:40:14.128+01:00  INFO 871023 --- [           main] .s.d.r.c.RepositoryConfigurationDelegate : Finished Spring Data repository scanning in 54 ms. Found 3 JPA repository interfaces.
2024-02-11T16:40:14.445+01:00  INFO 871023 --- [           main] o.hibernate.jpa.internal.util.LogHelper  : HHH000204: Processing PersistenceUnitInfo [name: default]
2024-02-11T16:40:14.483+01:00  INFO 871023 --- [           main] org.hibernate.Version                    : HHH000412: Hibernate ORM core version 6.4.1.Final
2024-02-11T16:40:14.511+01:00  INFO 871023 --- [           main] o.h.c.internal.RegionFactoryInitiator    : HHH000026: Second-level cache disabled
2024-02-11T16:40:14.606+01:00  INFO 871023 --- [           main] o.s.o.j.p.SpringPersistenceUnitInfo      : No LoadTimeWeaver setup: ignoring JPA class transformer
2024-02-11T16:40:14.643+01:00  INFO 871023 --- [           main] com.zaxxer.hikari.HikariDataSource       : HikariPool-1 - Starting...
2024-02-11T16:40:14.973+01:00  INFO 871023 --- [           main] com.zaxxer.hikari.pool.HikariPool        : HikariPool-1 - Added connection com.mysql.cj.jdbc.ConnectionImpl@22a2e581
2024-02-11T16:40:14.975+01:00  INFO 871023 --- [           main] com.zaxxer.hikari.HikariDataSource       : HikariPool-1 - Start completed.
2024-02-11T16:40:15.806+01:00  INFO 871023 --- [           main] o.h.e.t.j.p.i.JtaPlatformInitiator       : HHH000489: No JTA platform available (set 'hibernate.transaction.jta.platform' to enable JTA platform integration)
2024-02-11T16:40:15.865+01:00  INFO 871023 --- [           main] j.LocalContainerEntityManagerFactoryBean : Initialized JPA EntityManagerFactory for persistence unit 'default'
2024-02-11T16:40:16.193+01:00  WARN 871023 --- [           main] .s.s.UserDetailsServiceAutoConfiguration : 

Using generated security password: a9011cb8-815f-4821-a1ce-4cabebdbe060

This generated password is for development use only. Your security configuration must be updated before running your application in production.

2024-02-11T16:40:16.257+01:00  INFO 871023 --- [           main] o.s.s.web.DefaultSecurityFilterChain     : Will secure any request with [org.springframework.security.web.session.DisableEncodeUrlFilter@5e59844f, org.springframework.security.web.context.request.async.WebAsyncManagerIntegrationFilter@28cfbcc, org.springframework.security.web.context.SecurityContextHolderFilter@27d9a016, org.springframework.security.web.header.HeaderWriterFilter@20fdf45a, org.springframework.web.filter.CorsFilter@67bf393c, org.springframework.security.web.authentication.logout.LogoutFilter@5aa0d535, org.springframework.security.web.savedrequest.RequestCacheAwareFilter@68c9cf93, org.springframework.security.web.servletapi.SecurityContextHolderAwareRequestFilter@2715b3ea, org.springframework.security.web.authentication.AnonymousAuthenticationFilter@b31cd6b, org.springframework.security.web.session.SessionManagementFilter@3bb59485, org.springframework.security.web.access.ExceptionTranslationFilter@736de3b6, org.springframework.security.web.access.intercept.AuthorizationFilter@76334a3a]
2024-02-11T16:40:16.400+01:00  INFO 871023 --- [           main] c.p.controllers.MaterielControllerTest   : Started MaterielControllerTest in 2.813 seconds (process running for 7.034)
Hibernate: select count(*) from utilisateur u1_0
]]></system-out>
  </testcase>
  <testcase name="testAddMaterielWithValidData" classname="com.project.controllers.MaterielControllerTest" time="0.006"/>
  <testcase name="testUpdateMaterielWhenMaterielDoNotExist" classname="com.project.controllers.MaterielControllerTest" time="0.007"/>
  <testcase name="testGetAllMaterielsPaginationWhenMaterialsDoNotExist" classname="com.project.controllers.MaterielControllerTest" time="0.003"/>
  <testcase name="testDeleteMaterielWhenMaterielExist" classname="com.project.controllers.MaterielControllerTest" time="0.002"/>
  <testcase name="testGetMaterielWhenMaterielDoNotExist" classname="com.project.controllers.MaterielControllerTest" time="0.004"/>
  <testcase name="testUpdateMaterielWithInvalidData" classname="com.project.controllers.MaterielControllerTest" time="0.005"/>
  <testcase name="testGetAllMaterielsPaginationWhenMaterialsExist" classname="com.project.controllers.MaterielControllerTest" time="0.004"/>
  <testcase name="testGetAllMaterielsWhenMaterielsDoNotExist" classname="com.project.controllers.MaterielControllerTest" time="0.003"/>
  <testcase name="testUpdateMaterielWhenMaterielWasUpdated" classname="com.project.controllers.MaterielControllerTest" time="0.003"/>
  <testcase name="testGetMaterielWhenMaterielExists" classname="com.project.controllers.MaterielControllerTest" time="0.003"/>
  <testcase name="testDeleteMaterielWhenMaterielDoNotExist" classname="com.project.controllers.MaterielControllerTest" time="0.003"/>
  <testcase name="testAddMaterielWithInvalidData" classname="com.project.controllers.MaterielControllerTest" time="0.004"/>
</testsuite>